<?xml version="1.0" encoding="UTF-8"?>
<testng-results skipped="0" failed="0" ignored="0" total="1" passed="1">
  <reporter-output>
  </reporter-output>
  <suite name="Suite" duration-ms="11815" started-at="2022-09-07T15:54:48 IST" finished-at="2022-09-07T15:55:00 IST">
    <groups>
    </groups>
    <test name="Test" duration-ms="11815" started-at="2022-09-07T15:54:48 IST" finished-at="2022-09-07T15:55:00 IST">
      <class name="testcases.Logintestcase">
        <test-method status="PASS" signature="preCondition()[pri:0, instance:testcases.Logintestcase@74650e52]" name="preCondition" is-config="true" duration-ms="9753" started-at="2022-09-07T15:54:49 IST" finished-at="2022-09-07T15:54:58 IST">
          <reporter-output>
          </reporter-output>
        </test-method> <!-- preCondition -->
        <test-method status="PASS" signature="runLoginPage()[pri:0, instance:testcases.Logintestcase@74650e52]" name="runLoginPage" duration-ms="1393" started-at="2022-09-07T15:54:58 IST" finished-at="2022-09-07T15:55:00 IST">
          <reporter-output>
          </reporter-output>
        </test-method> <!-- runLoginPage -->
        <test-method status="PASS" signature="postCondition()[pri:0, instance:testcases.Logintestcase@74650e52]" name="postCondition" is-config="true" duration-ms="557" started-at="2022-09-07T15:55:00 IST" finished-at="2022-09-07T15:55:00 IST">
          <reporter-output>
          </reporter-output>
        </test-method> <!-- postCondition -->
      </class> <!-- testcases.Logintestcase -->
    </test> <!-- Test -->
  </suite> <!-- Suite -->
</testng-results>
