<?xml version="1.0" encoding="UTF-8"?>
<testng-results skipped="0" failed="0" ignored="0" total="1" passed="1">
  <reporter-output>
  </reporter-output>
  <suite name="Suite" duration-ms="6014" started-at="2022-09-06T16:22:05 IST" finished-at="2022-09-06T16:22:11 IST">
    <groups>
    </groups>
    <test name="Test" duration-ms="6014" started-at="2022-09-06T16:22:05 IST" finished-at="2022-09-06T16:22:11 IST">
      <class name="testcases.Logintestcase">
        <test-method status="PASS" signature="preCondition()[pri:0, instance:testcases.Logintestcase@4b9e13df]" name="preCondition" is-config="true" duration-ms="4892" started-at="2022-09-06T16:22:05 IST" finished-at="2022-09-06T16:22:10 IST">
          <reporter-output>
          </reporter-output>
        </test-method> <!-- preCondition -->
        <test-method status="PASS" signature="runLoginPage()[pri:0, instance:testcases.Logintestcase@4b9e13df]" name="runLoginPage" duration-ms="837" started-at="2022-09-06T16:22:10 IST" finished-at="2022-09-06T16:22:11 IST">
          <reporter-output>
          </reporter-output>
        </test-method> <!-- runLoginPage -->
        <test-method status="PASS" signature="postCondition()[pri:0, instance:testcases.Logintestcase@4b9e13df]" name="postCondition" is-config="true" duration-ms="205" started-at="2022-09-06T16:22:11 IST" finished-at="2022-09-06T16:22:11 IST">
          <reporter-output>
          </reporter-output>
        </test-method> <!-- postCondition -->
      </class> <!-- testcases.Logintestcase -->
    </test> <!-- Test -->
  </suite> <!-- Suite -->
</testng-results>
